c:\users\fochoao\libraries-amd64\xz-5.6.3\windows\build\cmakefiles\liblzma.dir\debug\vc143.pdb
c:\users\fochoao\libraries-amd64\xz-5.6.3\windows\build\cmakefiles\liblzma.dir\debug\block_encoder.obj
c:\users\fochoao\libraries-amd64\xz-5.6.3\windows\build\cmakefiles\liblzma.dir\debug\block_buffer_encoder.obj
c:\users\fochoao\libraries-amd64\xz-5.6.3\windows\build\cmakefiles\liblzma.dir\debug\alone_encoder.obj
c:\users\fochoao\libraries-amd64\xz-5.6.3\windows\build\cmakefiles\liblzma.dir\debug\outqueue.obj
c:\users\fochoao\libraries-amd64\xz-5.6.3\windows\build\cmakefiles\liblzma.dir\debug\hardware_cputhreads.obj
c:\users\fochoao\libraries-amd64\xz-5.6.3\windows\build\cmakefiles\liblzma.dir\debug\tuklib_cpucores.obj
c:\users\fochoao\libraries-amd64\xz-5.6.3\windows\build\cmakefiles\liblzma.dir\debug\sha256.obj
c:\users\fochoao\libraries-amd64\xz-5.6.3\windows\build\cmakefiles\liblzma.dir\debug\crc64_small.obj
c:\users\fochoao\libraries-amd64\xz-5.6.3\windows\build\cmakefiles\liblzma.dir\debug\crc32_small.obj
c:\users\fochoao\libraries-amd64\xz-5.6.3\windows\build\cmakefiles\liblzma.dir\debug\vli_size.obj
c:\users\fochoao\libraries-amd64\xz-5.6.3\windows\build\cmakefiles\liblzma.dir\debug\string_conversion.obj
c:\users\fochoao\libraries-amd64\xz-5.6.3\windows\build\cmakefiles\liblzma.dir\debug\stream_flags_common.obj
c:\users\fochoao\libraries-amd64\xz-5.6.3\windows\build\cmakefiles\liblzma.dir\debug\index.obj
c:\users\fochoao\libraries-amd64\xz-5.6.3\windows\build\cmakefiles\liblzma.dir\debug\hardware_physmem.obj
c:\users\fochoao\libraries-amd64\xz-5.6.3\windows\build\cmakefiles\liblzma.dir\debug\filter_common.obj
c:\users\fochoao\libraries-amd64\xz-5.6.3\windows\build\cmakefiles\liblzma.dir\debug\easy_preset.obj
c:\users\fochoao\libraries-amd64\xz-5.6.3\windows\build\cmakefiles\liblzma.dir\debug\common.obj
c:\users\fochoao\libraries-amd64\xz-5.6.3\windows\build\cmakefiles\liblzma.dir\debug\block_util.obj
c:\users\fochoao\libraries-amd64\xz-5.6.3\windows\build\cmakefiles\liblzma.dir\debug\check.obj
c:\users\fochoao\libraries-amd64\xz-5.6.3\windows\build\cmakefiles\liblzma.dir\debug\tuklib_physmem.obj
c:\users\fochoao\libraries-amd64\xz-5.6.3\windows\build\cmakefiles\liblzma.dir\debug\price_table.obj
c:\users\fochoao\libraries-amd64\xz-5.6.3\windows\build\cmakefiles\liblzma.dir\debug\lz_encoder_mf.obj
c:\users\fochoao\libraries-amd64\xz-5.6.3\windows\build\cmakefiles\liblzma.dir\debug\lz_encoder.obj
c:\users\fochoao\libraries-amd64\xz-5.6.3\windows\build\cmakefiles\liblzma.dir\debug\lzma_encoder_optimum_normal.obj
c:\users\fochoao\libraries-amd64\xz-5.6.3\windows\build\cmakefiles\liblzma.dir\debug\lzma_encoder_optimum_fast.obj
c:\users\fochoao\libraries-amd64\xz-5.6.3\windows\build\cmakefiles\liblzma.dir\debug\lzma_encoder.obj
c:\users\fochoao\libraries-amd64\xz-5.6.3\windows\build\cmakefiles\liblzma.dir\debug\simple_encoder.obj
c:\users\fochoao\libraries-amd64\xz-5.6.3\windows\build\cmakefiles\liblzma.dir\debug\stream_encoder_mt.obj
c:\users\fochoao\libraries-amd64\xz-5.6.3\windows\build\cmakefiles\liblzma.dir\debug\vli_encoder.obj
c:\users\fochoao\libraries-amd64\xz-5.6.3\windows\build\cmakefiles\liblzma.dir\debug\stream_flags_encoder.obj
c:\users\fochoao\libraries-amd64\xz-5.6.3\windows\build\cmakefiles\liblzma.dir\debug\stream_encoder.obj
c:\users\fochoao\libraries-amd64\xz-5.6.3\windows\build\cmakefiles\liblzma.dir\debug\stream_buffer_encoder.obj
c:\users\fochoao\libraries-amd64\xz-5.6.3\windows\build\cmakefiles\liblzma.dir\debug\index_encoder.obj
c:\users\fochoao\libraries-amd64\xz-5.6.3\windows\build\cmakefiles\liblzma.dir\debug\filter_flags_encoder.obj
c:\users\fochoao\libraries-amd64\xz-5.6.3\windows\build\cmakefiles\liblzma.dir\debug\filter_encoder.obj
c:\users\fochoao\libraries-amd64\xz-5.6.3\windows\build\cmakefiles\liblzma.dir\debug\filter_buffer_encoder.obj
c:\users\fochoao\libraries-amd64\xz-5.6.3\windows\build\cmakefiles\liblzma.dir\debug\easy_encoder_memusage.obj
c:\users\fochoao\libraries-amd64\xz-5.6.3\windows\build\cmakefiles\liblzma.dir\debug\easy_encoder.obj
c:\users\fochoao\libraries-amd64\xz-5.6.3\windows\build\cmakefiles\liblzma.dir\debug\easy_buffer_encoder.obj
c:\users\fochoao\libraries-amd64\xz-5.6.3\windows\build\cmakefiles\liblzma.dir\debug\block_header_encoder.obj
c:\users\fochoao\libraries-amd64\xz-5.6.3\windows\build\cmakefiles\liblzma.dir\debug\simple_decoder.obj
c:\users\fochoao\libraries-amd64\xz-5.6.3\windows\build\cmakefiles\liblzma.dir\debug\stream_decoder_mt.obj
c:\users\fochoao\libraries-amd64\xz-5.6.3\windows\build\cmakefiles\liblzma.dir\debug\vli_decoder.obj
c:\users\fochoao\libraries-amd64\xz-5.6.3\windows\build\cmakefiles\liblzma.dir\debug\stream_flags_decoder.obj
c:\users\fochoao\libraries-amd64\xz-5.6.3\windows\build\cmakefiles\liblzma.dir\debug\stream_decoder.obj
c:\users\fochoao\libraries-amd64\xz-5.6.3\windows\build\cmakefiles\liblzma.dir\debug\stream_buffer_decoder.obj
c:\users\fochoao\libraries-amd64\xz-5.6.3\windows\build\cmakefiles\liblzma.dir\debug\index_hash.obj
c:\users\fochoao\libraries-amd64\xz-5.6.3\windows\build\cmakefiles\liblzma.dir\debug\index_decoder.obj
c:\users\fochoao\libraries-amd64\xz-5.6.3\windows\build\cmakefiles\liblzma.dir\debug\filter_flags_decoder.obj
c:\users\fochoao\libraries-amd64\xz-5.6.3\windows\build\cmakefiles\liblzma.dir\debug\filter_decoder.obj
c:\users\fochoao\libraries-amd64\xz-5.6.3\windows\build\cmakefiles\liblzma.dir\debug\filter_buffer_decoder.obj
c:\users\fochoao\libraries-amd64\xz-5.6.3\windows\build\cmakefiles\liblzma.dir\debug\file_info.obj
c:\users\fochoao\libraries-amd64\xz-5.6.3\windows\build\cmakefiles\liblzma.dir\debug\easy_decoder_memusage.obj
c:\users\fochoao\libraries-amd64\xz-5.6.3\windows\build\cmakefiles\liblzma.dir\debug\block_header_decoder.obj
c:\users\fochoao\libraries-amd64\xz-5.6.3\windows\build\cmakefiles\liblzma.dir\debug\block_decoder.obj
c:\users\fochoao\libraries-amd64\xz-5.6.3\windows\build\cmakefiles\liblzma.dir\debug\block_buffer_decoder.obj
c:\users\fochoao\libraries-amd64\xz-5.6.3\windows\build\cmakefiles\liblzma.dir\debug\auto_decoder.obj
c:\users\fochoao\libraries-amd64\xz-5.6.3\windows\build\cmakefiles\liblzma.dir\debug\alone_decoder.obj
c:\users\fochoao\libraries-amd64\xz-5.6.3\windows\build\cmakefiles\liblzma.dir\debug\delta_encoder.obj
c:\users\fochoao\libraries-amd64\xz-5.6.3\windows\build\cmakefiles\liblzma.dir\debug\lzma2_encoder.obj
c:\users\fochoao\libraries-amd64\xz-5.6.3\windows\build\cmakefiles\liblzma.dir\debug\lzip_decoder.obj
c:\users\fochoao\libraries-amd64\xz-5.6.3\windows\build\cmakefiles\liblzma.dir\debug\microlzma_decoder.obj
c:\users\fochoao\libraries-amd64\xz-5.6.3\windows\build\cmakefiles\liblzma.dir\debug\microlzma_encoder.obj
c:\users\fochoao\libraries-amd64\xz-5.6.3\windows\build\cmakefiles\liblzma.dir\debug\riscv.obj
c:\users\fochoao\libraries-amd64\xz-5.6.3\windows\build\cmakefiles\liblzma.dir\debug\sparc.obj
c:\users\fochoao\libraries-amd64\xz-5.6.3\windows\build\cmakefiles\liblzma.dir\debug\ia64.obj
c:\users\fochoao\libraries-amd64\xz-5.6.3\windows\build\cmakefiles\liblzma.dir\debug\powerpc.obj
c:\users\fochoao\libraries-amd64\xz-5.6.3\windows\build\cmakefiles\liblzma.dir\debug\arm64.obj
c:\users\fochoao\libraries-amd64\xz-5.6.3\windows\build\cmakefiles\liblzma.dir\debug\armthumb.obj
c:\users\fochoao\libraries-amd64\xz-5.6.3\windows\build\cmakefiles\liblzma.dir\debug\arm.obj
c:\users\fochoao\libraries-amd64\xz-5.6.3\windows\build\cmakefiles\liblzma.dir\debug\x86.obj
c:\users\fochoao\libraries-amd64\xz-5.6.3\windows\build\cmakefiles\liblzma.dir\debug\simple_coder.obj
c:\users\fochoao\libraries-amd64\xz-5.6.3\windows\build\cmakefiles\liblzma.dir\debug\delta_common.obj
c:\users\fochoao\libraries-amd64\xz-5.6.3\windows\build\cmakefiles\liblzma.dir\debug\lzma_encoder_presets.obj
c:\users\fochoao\libraries-amd64\xz-5.6.3\windows\build\cmakefiles\liblzma.dir\debug\delta_decoder.obj
c:\users\fochoao\libraries-amd64\xz-5.6.3\windows\build\cmakefiles\liblzma.dir\debug\lzma2_decoder.obj
c:\users\fochoao\libraries-amd64\xz-5.6.3\windows\build\cmakefiles\liblzma.dir\debug\lz_decoder.obj
c:\users\fochoao\libraries-amd64\xz-5.6.3\windows\build\cmakefiles\liblzma.dir\debug\lzma_decoder.obj
c:\users\fochoao\libraries-amd64\xz-5.6.3\windows\build\cmakefiles\cmakefiles\generate.stamp
c:\users\fochoao\libraries-amd64\xz-5.6.3\windows\build\cmakefiles\debug\liblzma.dll
c:\users\fochoao\libraries-amd64\xz-5.6.3\windows\build\cmakefiles\debug\liblzma.pdb
c:\users\fochoao\libraries-amd64\xz-5.6.3\windows\build\cmakefiles\liblzma.dir\debug\liblzma_w32res.res
c:\users\fochoao\libraries-amd64\xz-5.6.3\windows\build\cmakefiles\debug\lzma.lib
c:\users\fochoao\libraries-amd64\xz-5.6.3\windows\build\cmakefiles\debug\lzma.exp
c:\users\fochoao\libraries-amd64\xz-5.6.3\windows\build\cmakefiles\liblzma.dir\debug\liblzma.ilk
c:\users\fochoao\libraries-amd64\xz-5.6.3\windows\build\cmakefiles\liblzma.dir\debug\liblzma.tlog\cl.command.1.tlog
c:\users\fochoao\libraries-amd64\xz-5.6.3\windows\build\cmakefiles\liblzma.dir\debug\liblzma.tlog\cl.items.tlog
c:\users\fochoao\libraries-amd64\xz-5.6.3\windows\build\cmakefiles\liblzma.dir\debug\liblzma.tlog\cl.read.1.tlog
c:\users\fochoao\libraries-amd64\xz-5.6.3\windows\build\cmakefiles\liblzma.dir\debug\liblzma.tlog\cl.write.1.tlog
c:\users\fochoao\libraries-amd64\xz-5.6.3\windows\build\cmakefiles\liblzma.dir\debug\liblzma.tlog\custombuild.command.1.tlog
c:\users\fochoao\libraries-amd64\xz-5.6.3\windows\build\cmakefiles\liblzma.dir\debug\liblzma.tlog\custombuild.read.1.tlog
c:\users\fochoao\libraries-amd64\xz-5.6.3\windows\build\cmakefiles\liblzma.dir\debug\liblzma.tlog\custombuild.write.1.tlog
c:\users\fochoao\libraries-amd64\xz-5.6.3\windows\build\cmakefiles\liblzma.dir\debug\liblzma.tlog\link.command.1.tlog
c:\users\fochoao\libraries-amd64\xz-5.6.3\windows\build\cmakefiles\liblzma.dir\debug\liblzma.tlog\link.read.1.tlog
c:\users\fochoao\libraries-amd64\xz-5.6.3\windows\build\cmakefiles\liblzma.dir\debug\liblzma.tlog\link.secondary.1.tlog
c:\users\fochoao\libraries-amd64\xz-5.6.3\windows\build\cmakefiles\liblzma.dir\debug\liblzma.tlog\link.write.1.tlog
c:\users\fochoao\libraries-amd64\xz-5.6.3\windows\build\cmakefiles\liblzma.dir\debug\liblzma.tlog\rc.command.1.tlog
c:\users\fochoao\libraries-amd64\xz-5.6.3\windows\build\cmakefiles\liblzma.dir\debug\liblzma.tlog\rc.read.1.tlog
c:\users\fochoao\libraries-amd64\xz-5.6.3\windows\build\cmakefiles\liblzma.dir\debug\liblzma.tlog\rc.write.1.tlog
