  Building Custom Rule C:/Users/fochoao/libraries-amd64/xz-5.6.3/CMakeLists.txt
  tuklib_physmem.c
  check.c
  block_util.c
  common.c
  easy_preset.c
  filter_common.c
  hardware_physmem.c
  index.c
  stream_flags_common.c
  string_conversion.c
  vli_size.c
  crc32_small.c
  crc64_small.c
  sha256.c
  tuklib_cpucores.c
  hardware_cputhreads.c
  outqueue.c
  alone_encoder.c
  block_buffer_encoder.c
  block_encoder.c
  Generating Code...
  Compiling...
  block_header_encoder.c
  easy_buffer_encoder.c
  easy_encoder.c
  easy_encoder_memusage.c
  filter_buffer_encoder.c
  filter_encoder.c
  filter_flags_encoder.c
  index_encoder.c
  stream_buffer_encoder.c
  stream_encoder.c
  stream_flags_encoder.c
  vli_encoder.c
  stream_encoder_mt.c
  simple_encoder.c
  lzma_encoder.c
  lzma_encoder_optimum_fast.c
  lzma_encoder_optimum_normal.c
  lz_encoder.c
  lz_encoder_mf.c
  price_table.c
  Generating Code...
  Compiling...
  lzma2_encoder.c
  delta_encoder.c
  alone_decoder.c
  auto_decoder.c
  block_buffer_decoder.c
  block_decoder.c
  block_header_decoder.c
  easy_decoder_memusage.c
  file_info.c
  filter_buffer_decoder.c
  filter_decoder.c
  filter_flags_decoder.c
  index_decoder.c
  index_hash.c
  stream_buffer_decoder.c
  stream_decoder.c
  stream_flags_decoder.c
  vli_decoder.c
  stream_decoder_mt.c
  simple_decoder.c
  Generating Code...
  Compiling...
  lzma_decoder.c
  lz_decoder.c
  lzma2_decoder.c
  delta_decoder.c
  lzma_encoder_presets.c
  delta_common.c
  simple_coder.c
  x86.c
  arm.c
  armthumb.c
  arm64.c
  powerpc.c
  ia64.c
  sparc.c
  riscv.c
  microlzma_encoder.c
  microlzma_decoder.c
  lzip_decoder.c
  Generating Code...
     Creating library C:/Users/fochoao/libraries-amd64/xz-5.6.3/windows/build/CMakeFiles/Debug/lzma.lib and object C:/Users/fochoao/libraries-amd64/xz-5.6.3/windows/build/CMakeFiles/Debug/lzma.exp
  liblzma.vcxproj -> C:\Users\fochoao\libraries-amd64\xz-5.6.3\windows\build\CMakeFiles\Debug\liblzma.dll
