c:\users\fochoao\libraries-amd64\xz-5.6.3\windows\build\cmakefiles\xz.dir\debug\vc143.pdb
c:\users\fochoao\libraries-amd64\xz-5.6.3\windows\build\cmakefiles\xz.dir\debug\list.obj
c:\users\fochoao\libraries-amd64\xz-5.6.3\windows\build\cmakefiles\xz.dir\debug\util.obj
c:\users\fochoao\libraries-amd64\xz-5.6.3\windows\build\cmakefiles\xz.dir\debug\suffix.obj
c:\users\fochoao\libraries-amd64\xz-5.6.3\windows\build\cmakefiles\xz.dir\debug\signals.obj
c:\users\fochoao\libraries-amd64\xz-5.6.3\windows\build\cmakefiles\xz.dir\debug\sandbox.obj
c:\users\fochoao\libraries-amd64\xz-5.6.3\windows\build\cmakefiles\xz.dir\debug\options.obj
c:\users\fochoao\libraries-amd64\xz-5.6.3\windows\build\cmakefiles\xz.dir\debug\mytime.obj
c:\users\fochoao\libraries-amd64\xz-5.6.3\windows\build\cmakefiles\xz.dir\debug\message.obj
c:\users\fochoao\libraries-amd64\xz-5.6.3\windows\build\cmakefiles\xz.dir\debug\main.obj
c:\users\fochoao\libraries-amd64\xz-5.6.3\windows\build\cmakefiles\xz.dir\debug\hardware.obj
c:\users\fochoao\libraries-amd64\xz-5.6.3\windows\build\cmakefiles\xz.dir\debug\file_io.obj
c:\users\fochoao\libraries-amd64\xz-5.6.3\windows\build\cmakefiles\xz.dir\debug\coder.obj
c:\users\fochoao\libraries-amd64\xz-5.6.3\windows\build\cmakefiles\xz.dir\debug\args.obj
c:\users\fochoao\libraries-amd64\xz-5.6.3\windows\build\cmakefiles\xz.dir\debug\tuklib_progname.obj
c:\users\fochoao\libraries-amd64\xz-5.6.3\windows\build\cmakefiles\xz.dir\debug\tuklib_open_stdxxx.obj
c:\users\fochoao\libraries-amd64\xz-5.6.3\windows\build\cmakefiles\xz.dir\debug\tuklib_mbstr_width.obj
c:\users\fochoao\libraries-amd64\xz-5.6.3\windows\build\cmakefiles\xz.dir\debug\tuklib_mbstr_fw.obj
c:\users\fochoao\libraries-amd64\xz-5.6.3\windows\build\cmakefiles\xz.dir\debug\tuklib_exit.obj
c:\users\fochoao\libraries-amd64\xz-5.6.3\windows\build\cmakefiles\cmakefiles\generate.stamp
c:\users\fochoao\libraries-amd64\xz-5.6.3\windows\build\cmakefiles\debug\xz.exe
c:\users\fochoao\libraries-amd64\xz-5.6.3\windows\build\cmakefiles\debug\xz.pdb
c:\users\fochoao\libraries-amd64\xz-5.6.3\windows\build\cmakefiles\xz.dir\debug\xz_w32res.res
c:\users\fochoao\libraries-amd64\xz-5.6.3\windows\build\cmakefiles\xz.dir\debug\xz.ilk
c:\users\fochoao\libraries-amd64\xz-5.6.3\windows\build\cmakefiles\xz.dir\debug\xz.tlog\cl.command.1.tlog
c:\users\fochoao\libraries-amd64\xz-5.6.3\windows\build\cmakefiles\xz.dir\debug\xz.tlog\cl.items.tlog
c:\users\fochoao\libraries-amd64\xz-5.6.3\windows\build\cmakefiles\xz.dir\debug\xz.tlog\cl.read.1.tlog
c:\users\fochoao\libraries-amd64\xz-5.6.3\windows\build\cmakefiles\xz.dir\debug\xz.tlog\cl.write.1.tlog
c:\users\fochoao\libraries-amd64\xz-5.6.3\windows\build\cmakefiles\xz.dir\debug\xz.tlog\custombuild.command.1.tlog
c:\users\fochoao\libraries-amd64\xz-5.6.3\windows\build\cmakefiles\xz.dir\debug\xz.tlog\custombuild.read.1.tlog
c:\users\fochoao\libraries-amd64\xz-5.6.3\windows\build\cmakefiles\xz.dir\debug\xz.tlog\custombuild.write.1.tlog
c:\users\fochoao\libraries-amd64\xz-5.6.3\windows\build\cmakefiles\xz.dir\debug\xz.tlog\link.command.1.tlog
c:\users\fochoao\libraries-amd64\xz-5.6.3\windows\build\cmakefiles\xz.dir\debug\xz.tlog\link.read.1.tlog
c:\users\fochoao\libraries-amd64\xz-5.6.3\windows\build\cmakefiles\xz.dir\debug\xz.tlog\link.secondary.1.tlog
c:\users\fochoao\libraries-amd64\xz-5.6.3\windows\build\cmakefiles\xz.dir\debug\xz.tlog\link.write.1.tlog
c:\users\fochoao\libraries-amd64\xz-5.6.3\windows\build\cmakefiles\xz.dir\debug\xz.tlog\rc.command.1.tlog
c:\users\fochoao\libraries-amd64\xz-5.6.3\windows\build\cmakefiles\xz.dir\debug\xz.tlog\rc.read.1.tlog
c:\users\fochoao\libraries-amd64\xz-5.6.3\windows\build\cmakefiles\xz.dir\debug\xz.tlog\rc.write.1.tlog
